<?xml version="1.0" encoding="UTF-8"?>
<testsuite name="SuperheroTest" tests="1" skipped="0" failures="0" errors="0" timestamp="2016-04-27T18:47:05" hostname="epicodus-58.local" time="0.001">
  <properties/>
  <testcase name="SuperheroInstantiatesCorrectly_true" classname="SuperheroTest" time="0.001"/>
  <system-out><![CDATA[]]></system-out>
  <system-err><![CDATA[]]></system-err>
</testsuite>
