<?xml version="1.0" encoding="UTF-8"?>
<testsuite name="HeroTest" tests="5" skipped="0" failures="0" errors="0" timestamp="2016-04-27T20:44:07" hostname="epicodus-58.local" time="0.001">
  <properties/>
  <testcase name="superheroAddsName_String" classname="HeroTest" time="0.001"/>
  <testcase name="superheroAccessStats_Integer" classname="HeroTest" time="0.0"/>
  <testcase name="superHeroAddsAge_int" classname="HeroTest" time="0.0"/>
  <testcase name="superheroAssignsRole_String" classname="HeroTest" time="0.0"/>
  <testcase name="HeroInstantiatesCorrectly_true" classname="HeroTest" time="0.0"/>
  <system-out><![CDATA[]]></system-out>
  <system-err><![CDATA[]]></system-err>
</testsuite>
