<?xml version="1.0" encoding="UTF-8"?>
<testsuite name="SquadTest" tests="1" skipped="0" failures="0" errors="0" timestamp="2016-04-27T22:09:40" hostname="epicodus-58.local" time="0.0">
  <properties/>
  <testcase name="SquadInstantiatesCorrectly_true" classname="SquadTest" time="0.0"/>
  <system-out><![CDATA[]]></system-out>
  <system-err><![CDATA[]]></system-err>
</testsuite>
